<?xml version="1.0" encoding="UTF-8"?>
<testsuite xmlns:xsi="http://www.w3.org/2001/XMLSchema-instance" xsi:noNamespaceSchemaLocation="https://maven.apache.org/surefire/maven-surefire-plugin/xsd/surefire-test-report.xsd" version="3.0.2" name="com.example.szamlazz.SzamlazzApplicationTests" time="3.882" tests="1" errors="0" skipped="0" failures="0">
  <properties>
[...]
</properties>
  <testcase name="contextLoads" classname="com.example.szamlazz.SzamlazzApplicationTests" time="0.262">
    <system-out><![CDATA[17:12:55.061 [main] INFO org.springframework.test.context.support.AnnotationConfigContextLoaderUtils -- Could not detect default configuration classes for test class [com.example.szamlazz.SzamlazzApplicationTests]: SzamlazzApplicationTests does not declare any static, non-private, non-final, nested classes annotated with @Configuration.
17:12:55.128 [main] INFO org.springframework.boot.test.context.SpringBootTestContextBootstrapper -- Found @SpringBootConfiguration com.example.szamlazz.SzamlazzApplication for test class com.example.szamlazz.SzamlazzApplicationTests

  .   ____          _            __ _ _
 /\\ / ___'_ __ _ _(_)_ __  __ _ \ \ \ \
( ( )\___ | '_ | '_| | '_ \/ _` | \ \ \ \
 \\/  ___)| |_)| | | | | || (_| |  ) ) ) )
  '  |____| .__|_| |_|_| |_\__, | / / / /
 =========|_|==============|___/=/_/_/_/

 :: Spring Boot ::       (v3.5.9-SNAPSHOT)

2025-11-26T17:12:55.418+01:00  INFO 614303 --- [szamlazz] [           main] c.e.szamlazz.SzamlazzApplicationTests    : Starting SzamlazzApplicationTests using Java 17.0.6 with PID 614303 (started by dwp7537 in /home/dwp7537/projects/private/szamlazz)
2025-11-26T17:12:55.420+01:00  INFO 614303 --- [szamlazz] [           main] c.e.szamlazz.SzamlazzApplicationTests    : No active profile set, falling back to 1 default profile: "default"
2025-11-26T17:12:55.838+01:00  INFO 614303 --- [szamlazz] [           main] .s.d.r.c.RepositoryConfigurationDelegate : Bootstrapping Spring Data JPA repositories in DEFAULT mode.
2025-11-26T17:12:55.875+01:00  INFO 614303 --- [szamlazz] [           main] .s.d.r.c.RepositoryConfigurationDelegate : Finished Spring Data repository scanning in 30 ms. Found 1 JPA repository interface.
2025-11-26T17:12:56.195+01:00  INFO 614303 --- [szamlazz] [           main] com.zaxxer.hikari.HikariDataSource       : HikariPool-1 - Starting...
2025-11-26T17:12:56.351+01:00  INFO 614303 --- [szamlazz] [           main] com.zaxxer.hikari.pool.HikariPool        : HikariPool-1 - Added connection conn0: url=jdbc:h2:mem:testdb user=SA
2025-11-26T17:12:56.353+01:00  INFO 614303 --- [szamlazz] [           main] com.zaxxer.hikari.HikariDataSource       : HikariPool-1 - Start completed.
2025-11-26T17:12:56.419+01:00  INFO 614303 --- [szamlazz] [           main] liquibase.database                       : Set default schema name to PUBLIC
2025-11-26T17:12:56.734+01:00  INFO 614303 --- [szamlazz] [           main] liquibase.changelog                      : Creating database history table with name: PUBLIC.DATABASECHANGELOG
2025-11-26T17:12:56.797+01:00  INFO 614303 --- [szamlazz] [           main] liquibase.changelog                      : Reading from PUBLIC.DATABASECHANGELOG
2025-11-26T17:12:56.805+01:00  INFO 614303 --- [szamlazz] [           main] liquibase.snapshot                       : Creating snapshot
2025-11-26T17:12:56.859+01:00  INFO 614303 --- [szamlazz] [           main] liquibase.lockservice                    : Successfully acquired change log lock
2025-11-26T17:12:56.859+01:00  INFO 614303 --- [szamlazz] [           main] liquibase.command                        : Using deploymentId: 4173576177
2025-11-26T17:12:56.861+01:00  INFO 614303 --- [szamlazz] [           main] liquibase.changelog                      : Reading from PUBLIC.DATABASECHANGELOG
2025-11-26T17:12:56.889+01:00  INFO 614303 --- [szamlazz] [           main] liquibase.ui                             : Running Changeset: db/changelog/db.changelog-master.xml::1::you
2025-11-26T17:12:56.897+01:00  INFO 614303 --- [szamlazz] [           main] liquibase.changelog                      : Table t_users created
2025-11-26T17:12:56.898+01:00  INFO 614303 --- [szamlazz] [           main] liquibase.changelog                      : ChangeSet db/changelog/db.changelog-master.xml::1::you ran successfully in 7ms
2025-11-26T17:12:56.908+01:00  INFO 614303 --- [szamlazz] [           main] liquibase.ui                             : Running Changeset: db/changelog/db.changelog-master.xml::2::you
2025-11-26T17:12:56.910+01:00  INFO 614303 --- [szamlazz] [           main] liquibase.changelog                      : New row inserted into t_users
2025-11-26T17:12:56.911+01:00  INFO 614303 --- [szamlazz] [           main] liquibase.changelog                      : New row inserted into t_users
2025-11-26T17:12:56.912+01:00  INFO 614303 --- [szamlazz] [           main] liquibase.changelog                      : New row inserted into t_users
2025-11-26T17:12:56.913+01:00  INFO 614303 --- [szamlazz] [           main] liquibase.changelog                      : New row inserted into t_users
2025-11-26T17:12:56.914+01:00  INFO 614303 --- [szamlazz] [           main] liquibase.changelog                      : New row inserted into t_users
2025-11-26T17:12:56.915+01:00  INFO 614303 --- [szamlazz] [           main] liquibase.changelog                      : New row inserted into t_users
2025-11-26T17:12:56.916+01:00  INFO 614303 --- [szamlazz] [           main] liquibase.changelog                      : New row inserted into t_users
2025-11-26T17:12:56.917+01:00  INFO 614303 --- [szamlazz] [           main] liquibase.changelog                      : New row inserted into t_users
2025-11-26T17:12:56.918+01:00  INFO 614303 --- [szamlazz] [           main] liquibase.changelog                      : New row inserted into t_users
2025-11-26T17:12:56.919+01:00  INFO 614303 --- [szamlazz] [           main] liquibase.changelog                      : New row inserted into t_users
2025-11-26T17:12:56.920+01:00  INFO 614303 --- [szamlazz] [           main] liquibase.changelog                      : ChangeSet db/changelog/db.changelog-master.xml::2::you ran successfully in 11ms
2025-11-26T17:12:56.925+01:00  INFO 614303 --- [szamlazz] [           main] liquibase.util                           : UPDATE SUMMARY
2025-11-26T17:12:56.925+01:00  INFO 614303 --- [szamlazz] [           main] liquibase.util                           : Run:                          2
2025-11-26T17:12:56.925+01:00  INFO 614303 --- [szamlazz] [           main] liquibase.util                           : Previously run:               0
2025-11-26T17:12:56.926+01:00  INFO 614303 --- [szamlazz] [           main] liquibase.util                           : Filtered out:                 0
2025-11-26T17:12:56.926+01:00  INFO 614303 --- [szamlazz] [           main] liquibase.util                           : -------------------------------
2025-11-26T17:12:56.926+01:00  INFO 614303 --- [szamlazz] [           main] liquibase.util                           : Total change sets:            2
2025-11-26T17:12:56.926+01:00  INFO 614303 --- [szamlazz] [           main] liquibase.util                           : Update summary generated
2025-11-26T17:12:56.928+01:00  INFO 614303 --- [szamlazz] [           main] liquibase.command                        : Update command completed successfully.
2025-11-26T17:12:56.928+01:00  INFO 614303 --- [szamlazz] [           main] liquibase.ui                             : Liquibase: Update has been successful. Rows affected: 12
2025-11-26T17:12:56.930+01:00  INFO 614303 --- [szamlazz] [           main] liquibase.lockservice                    : Successfully released change log lock
2025-11-26T17:12:56.930+01:00  INFO 614303 --- [szamlazz] [           main] liquibase.command                        : Command execution complete
2025-11-26T17:12:57.481+01:00  INFO 614303 --- [szamlazz] [           main] o.hibernate.jpa.internal.util.LogHelper  : HHH000204: Processing PersistenceUnitInfo [name: default]
2025-11-26T17:12:57.508+01:00  INFO 614303 --- [szamlazz] [           main] org.hibernate.Version                    : HHH000412: Hibernate ORM core version 6.6.36.Final
2025-11-26T17:12:57.527+01:00  INFO 614303 --- [szamlazz] [           main] o.h.c.internal.RegionFactoryInitiator    : HHH000026: Second-level cache disabled
2025-11-26T17:12:57.681+01:00  INFO 614303 --- [szamlazz] [           main] o.s.o.j.p.SpringPersistenceUnitInfo      : No LoadTimeWeaver setup: ignoring JPA class transformer
2025-11-26T17:12:57.727+01:00  INFO 614303 --- [szamlazz] [           main] org.hibernate.orm.connections.pooling    : HHH10001005: Database info:
	Database JDBC URL [Connecting through datasource 'HikariDataSource (HikariPool-1)']
	Database driver: undefined/unknown
	Database version: 2.3.232
	Autocommit mode: undefined/unknown
	Isolation level: undefined/unknown
	Minimum pool size: undefined/unknown
	Maximum pool size: undefined/unknown
2025-11-26T17:12:58.149+01:00  INFO 614303 --- [szamlazz] [           main] o.h.e.t.j.p.i.JtaPlatformInitiator       : HHH000489: No JTA platform available (set 'hibernate.transaction.jta.platform' to enable JTA platform integration)
2025-11-26T17:12:58.150+01:00  INFO 614303 --- [szamlazz] [           main] j.LocalContainerEntityManagerFactoryBean : Initialized JPA EntityManagerFactory for persistence unit 'default'
2025-11-26T17:12:58.334+01:00  WARN 614303 --- [szamlazz] [           main] JpaBaseConfiguration$JpaWebConfiguration : spring.jpa.open-in-view is enabled by default. Therefore, database queries may be performed during view rendering. Explicitly configure spring.jpa.open-in-view to disable this warning
2025-11-26T17:12:58.370+01:00  INFO 614303 --- [szamlazz] [           main] o.s.v.b.OptionalValidatorFactoryBean     : Failed to set up a Bean Validation provider: jakarta.validation.NoProviderFoundException: Unable to create a Configuration, because no Jakarta Bean Validation provider could be found. Add a provider like Hibernate Validator (RI) to your classpath.
2025-11-26T17:12:58.545+01:00  INFO 614303 --- [szamlazz] [           main] o.s.b.a.h2.H2ConsoleAutoConfiguration    : H2 console available at '/h2-console'. Database available at 'jdbc:h2:mem:testdb'
2025-11-26T17:12:58.587+01:00  INFO 614303 --- [szamlazz] [           main] c.e.szamlazz.SzamlazzApplicationTests    : Started SzamlazzApplicationTests in 3.361 seconds (process running for 3.957)
]]></system-out>
  </testcase>
</testsuite>